{"uuid":"2a34e98e-23a4-4cc2-bf3d-080ae71c52f9","historyId":"cc0eaec7f6008d7d45153687117c1a8f","fullName":"com.concerto.vegaah.test.scenarios.WooComTransaction.WooComTransaction.validateCorrectLogin","labels":[{"name":"package","value":"com.concerto.vegaah.test.scenarios.WooComTransaction.WooComTransaction"},{"name":"testClass","value":"com.concerto.vegaah.test.scenarios.WooComTransaction.WooComTransaction"},{"name":"testMethod","value":"validateCorrectLogin"},{"name":"parentSuite","value":"ConcertoFrameworkDevelopment"},{"name":"suite","value":"Reader Tests"},{"name":"subSuite","value":"com.concerto.vegaah.test.scenarios.WooComTransaction.WooComTransaction"},{"name":"host","value":"CSS-D-181"},{"name":"thread","value":"35472@CSS-D-181.TestNG-tests-1(11)"}],"links":[],"name":"TC0003::Validate Login For Valid Data Sets","status":"broken","statusDetails":{"known":false,"muted":false,"flaky":false,"message":"Unable To Find On By.id: merSInstrumentType on: http://10.10.10.105:8085/CORE_2.2.2/direct.htm?paymentId=2001613231399608291","trace":"com.concerto.common.exceptions.CannotFindElementOnPageException: Unable To Find On By.id: merSInstrumentType on: http://10.10.10.105:8085/CORE_2.2.2/direct.htm?paymentId=2001613231399608291\r\n\tat com.concerto.common.utilities.WebInteract.selectByTextFomDropdown(WebInteract.java:135)\r\n\tat com.concerto.vegaah.test.pageutils.WooComTransactionPageUtils.PlaceOrder(WooComTransactionPageUtils.java:71)\r\n\tat com.concerto.vegaah.test.scenarios.WooComTransaction.WooComTransaction.validateCorrectLogin(WooComTransaction.java:49)\r\n\tat sun.reflect.NativeMethodAccessorImpl.invoke0(Native Method)\r\n\tat sun.reflect.NativeMethodAccessorImpl.invoke(Unknown Source)\r\n\tat sun.reflect.DelegatingMethodAccessorImpl.invoke(Unknown Source)\r\n\tat java.lang.reflect.Method.invoke(Unknown Source)\r\n\tat org.testng.internal.MethodInvocationHelper.invokeMethod(MethodInvocationHelper.java:124)\r\n\tat org.testng.internal.Invoker.invokeMethod(Invoker.java:583)\r\n\tat org.testng.internal.Invoker.invokeTestMethod(Invoker.java:719)\r\n\tat org.testng.internal.Invoker.invokeTestMethods(Invoker.java:989)\r\n\tat org.testng.internal.TestMethodWorker.invokeTestMethods(TestMethodWorker.java:125)\r\n\tat org.testng.internal.TestMethodWorker.run(TestMethodWorker.java:109)\r\n\tat org.testng.TestRunner.privateRun(TestRunner.java:648)\r\n\tat org.testng.TestRunner.run(TestRunner.java:505)\r\n\tat org.testng.SuiteRunner.runTest(SuiteRunner.java:455)\r\n\tat org.testng.SuiteRunner.access$000(SuiteRunner.java:40)\r\n\tat org.testng.SuiteRunner$SuiteWorker.run(SuiteRunner.java:489)\r\n\tat org.testng.internal.thread.ThreadUtil$1.call(ThreadUtil.java:52)\r\n\tat java.util.concurrent.FutureTask.run(Unknown Source)\r\n\tat java.util.concurrent.ThreadPoolExecutor.runWorker(Unknown Source)\r\n\tat java.util.concurrent.ThreadPoolExecutor$Worker.run(Unknown Source)\r\n\tat java.lang.Thread.run(Unknown Source)\r\nCaused by: org.openqa.selenium.NoSuchElementException: Cannot locate element with text: WALLET\nFor documentation on this error, please visit: https://www.seleniumhq.org/exceptions/no_such_element.html\nBuild info: version: '3.141.59', revision: 'e82be7d358', time: '2018-11-14T08:17:03'\nSystem info: host: 'CSS-D-181', ip: '10.0.75.1', os.name: 'Windows 10', os.arch: 'amd64', os.version: '10.0', java.version: '1.8.0_144'\nDriver info: driver.version: unknown\r\n\tat org.openqa.selenium.support.ui.Select.selectByVisibleText(Select.java:147)\r\n\tat com.concerto.common.utilities.WebInteract.selectByTextFomDropdown(WebInteract.java:125)\r\n\t... 22 more\r\n"},"stage":"finished","start":1579160544667,"stop":1579160582969,"parameters":[{"name":"RunEnv","value":"localhost"},{"name":"GRID_HUB_IP","value":"10.10.11.83"},{"name":"Port","value":"4444"},{"name":"Browser","value":"Chrome"}]}