{"uuid":"72658f47-3b46-4d88-8867-73da4dc7c199","historyId":"cb1666958b6692298ee51b1d1b8fbed4","fullName":"com.concerto.vegaah.test.scenarios.MagentoTransactionTest.MagentoTransaction.validateCorrectLogin","labels":[{"name":"package","value":"com.concerto.vegaah.test.scenarios.MagentoTransactionTest.MagentoTransaction"},{"name":"testClass","value":"com.concerto.vegaah.test.scenarios.MagentoTransactionTest.MagentoTransaction"},{"name":"testMethod","value":"validateCorrectLogin"},{"name":"parentSuite","value":"ConcertoFrameworkDevelopment"},{"name":"suite","value":"Reader Tests"},{"name":"subSuite","value":"com.concerto.vegaah.test.scenarios.MagentoTransactionTest.MagentoTransaction"},{"name":"host","value":"CSS-D-181"},{"name":"thread","value":"30600@CSS-D-181.TestNG-tests-1(11)"}],"links":[],"name":"TC0003::Validate Login For Valid Data Sets","status":"broken","statusDetails":{"known":false,"muted":false,"flaky":false,"message":"Unable To Find On By.xpath: //main[@id='maincontent']/div[2]/div[2]/div/div/div on: http://10.10.10.101:3000/magento/catalogsearch/result/?q=Shoes","trace":"com.concerto.common.exceptions.CannotFindElementOnPageException: Unable To Find On By.xpath: //main[@id='maincontent']/div[2]/div[2]/div/div/div on: http://10.10.10.101:3000/magento/catalogsearch/result/?q=Shoes\r\n\tat com.concerto.common.utilities.WebInteract.waitForInteractibility(WebInteract.java:477)\r\n\tat com.concerto.vegaah.test.pageutils.MagentoTransactionPageUtils.Transaction(MagentoTransactionPageUtils.java:30)\r\n\tat com.concerto.vegaah.test.scenarios.MagentoTransactionTest.MagentoTransaction.validateCorrectLogin(MagentoTransaction.java:51)\r\n\tat sun.reflect.NativeMethodAccessorImpl.invoke0(Native Method)\r\n\tat sun.reflect.NativeMethodAccessorImpl.invoke(Unknown Source)\r\n\tat sun.reflect.DelegatingMethodAccessorImpl.invoke(Unknown Source)\r\n\tat java.lang.reflect.Method.invoke(Unknown Source)\r\n\tat org.testng.internal.MethodInvocationHelper.invokeMethod(MethodInvocationHelper.java:124)\r\n\tat org.testng.internal.Invoker.invokeMethod(Invoker.java:583)\r\n\tat org.testng.internal.Invoker.invokeTestMethod(Invoker.java:719)\r\n\tat org.testng.internal.Invoker.invokeTestMethods(Invoker.java:989)\r\n\tat org.testng.internal.TestMethodWorker.invokeTestMethods(TestMethodWorker.java:125)\r\n\tat org.testng.internal.TestMethodWorker.run(TestMethodWorker.java:109)\r\n\tat org.testng.TestRunner.privateRun(TestRunner.java:648)\r\n\tat org.testng.TestRunner.run(TestRunner.java:505)\r\n\tat org.testng.SuiteRunner.runTest(SuiteRunner.java:455)\r\n\tat org.testng.SuiteRunner.access$000(SuiteRunner.java:40)\r\n\tat org.testng.SuiteRunner$SuiteWorker.run(SuiteRunner.java:489)\r\n\tat org.testng.internal.thread.ThreadUtil$1.call(ThreadUtil.java:52)\r\n\tat java.util.concurrent.FutureTask.run(Unknown Source)\r\n\tat java.util.concurrent.ThreadPoolExecutor.runWorker(Unknown Source)\r\n\tat java.util.concurrent.ThreadPoolExecutor$Worker.run(Unknown Source)\r\n\tat java.lang.Thread.run(Unknown Source)\r\nCaused by: org.openqa.selenium.NoSuchElementException: no such element: Unable to locate element: {\"method\":\"xpath\",\"selector\":\"//main[@id='maincontent']/div[2]/div[2]/div/div/div\"}\n  (Session info: chrome=79.0.3945.117)\nFor documentation on this error, please visit: https://www.seleniumhq.org/exceptions/no_such_element.html\nBuild info: version: '3.141.59', revision: 'e82be7d358', time: '2018-11-14T08:17:03'\nSystem info: host: 'CSS-D-181', ip: '10.0.75.1', os.name: 'Windows 10', os.arch: 'amd64', os.version: '10.0', java.version: '1.8.0_144'\nDriver info: org.openqa.selenium.chrome.ChromeDriver\nCapabilities {acceptInsecureCerts: true, browserName: chrome, browserVersion: 79.0.3945.117, chrome: {chromedriverVersion: 78.0.3904.105 (60e2d8774a81..., userDataDir: C:\\Users\\SONAL~1.BOR\\AppDat...}, goog:chromeOptions: {debuggerAddress: localhost:52611}, javascriptEnabled: true, networkConnectionEnabled: false, pageLoadStrategy: normal, platform: XP, platformName: XP, proxy: Proxy(), setWindowRect: true, strictFileInteractability: false, timeouts: {implicit: 0, pageLoad: 300000, script: 30000}, unhandledPromptBehavior: dismiss and notify}\nSession ID: 71b25b7f5519568de003605eef44ff1f\n*** Element info: {Using=xpath, value=//main[@id='maincontent']/div[2]/div[2]/div/div/div}\r\n\tat sun.reflect.NativeConstructorAccessorImpl.newInstance0(Native Method)\r\n\tat sun.reflect.NativeConstructorAccessorImpl.newInstance(Unknown Source)\r\n\tat sun.reflect.DelegatingConstructorAccessorImpl.newInstance(Unknown Source)\r\n\tat java.lang.reflect.Constructor.newInstance(Unknown Source)\r\n\tat org.openqa.selenium.remote.http.W3CHttpResponseCodec.createException(W3CHttpResponseCodec.java:187)\r\n\tat org.openqa.selenium.remote.http.W3CHttpResponseCodec.decode(W3CHttpResponseCodec.java:122)\r\n\tat org.openqa.selenium.remote.http.W3CHttpResponseCodec.decode(W3CHttpResponseCodec.java:49)\r\n\tat org.openqa.selenium.remote.HttpCommandExecutor.execute(HttpCommandExecutor.java:158)\r\n\tat org.openqa.selenium.remote.service.DriverCommandExecutor.execute(DriverCommandExecutor.java:83)\r\n\tat org.openqa.selenium.remote.RemoteWebDriver.execute(RemoteWebDriver.java:552)\r\n\tat org.openqa.selenium.remote.RemoteWebDriver.findElement(RemoteWebDriver.java:323)\r\n\tat org.openqa.selenium.remote.RemoteWebDriver.findElementByXPath(RemoteWebDriver.java:428)\r\n\tat org.openqa.selenium.By$ByXPath.findElement(By.java:353)\r\n\tat org.openqa.selenium.remote.RemoteWebDriver.findElement(RemoteWebDriver.java:315)\r\n\tat org.openqa.selenium.support.pagefactory.DefaultElementLocator.findElement(DefaultElementLocator.java:69)\r\n\tat org.openqa.selenium.support.pagefactory.internal.LocatingElementHandler.invoke(LocatingElementHandler.java:38)\r\n\tat com.sun.proxy.$Proxy18.isDisplayed(Unknown Source)\r\n\tat org.openqa.selenium.support.ui.ExpectedConditions.elementIfVisible(ExpectedConditions.java:314)\r\n\tat org.openqa.selenium.support.ui.ExpectedConditions.access$000(ExpectedConditions.java:43)\r\n\tat org.openqa.selenium.support.ui.ExpectedConditions$10.apply(ExpectedConditions.java:300)\r\n\tat org.openqa.selenium.support.ui.ExpectedConditions$10.apply(ExpectedConditions.java:297)\r\n\tat org.openqa.selenium.support.ui.ExpectedConditions$23.apply(ExpectedConditions.java:670)\r\n\tat org.openqa.selenium.support.ui.ExpectedConditions$23.apply(ExpectedConditions.java:666)\r\n\tat org.openqa.selenium.support.ui.FluentWait.until(FluentWait.java:249)\r\n\tat com.concerto.common.utilities.WebInteract.waitForInteractibility(WebInteract.java:467)\r\n\t... 22 more\r\n"},"stage":"finished","start":1579184929318,"stop":1579185047491,"parameters":[{"name":"RunEnv","value":"localhost"},{"name":"GRID_HUB_IP","value":"10.10.11.83"},{"name":"Port","value":"4444"},{"name":"Browser","value":"Chrome"},{"name":"arg0","value":"Shoes"},{"name":"arg1","value":"sonal@abs.com"},{"name":"arg2","value":"sonal"},{"name":"arg3","value":"borge"},{"name":"arg4","value":"mumbai"},{"name":"arg5","value":"mumbai"},{"name":"arg6","value":"Maharashtra"},{"name":"arg7","value":"400012"},{"name":"arg8","value":"India"},{"name":"arg9","value":"1245789656"}]}