{"uuid":"7be6d8da-b6d8-4e4d-99a2-c578b2b81d8f","historyId":"d0340340a85c0682f3153b16c473e0d3","fullName":"com.concerto.vegaah.test.scenarios.JoomlaTransactionTest.JoomlaTransaction.validateCorrectLogin","labels":[{"name":"package","value":"com.concerto.vegaah.test.scenarios.JoomlaTransactionTest.JoomlaTransaction"},{"name":"testClass","value":"com.concerto.vegaah.test.scenarios.JoomlaTransactionTest.JoomlaTransaction"},{"name":"testMethod","value":"validateCorrectLogin"},{"name":"parentSuite","value":"ConcertoFrameworkDevelopment"},{"name":"suite","value":"Reader Tests"},{"name":"subSuite","value":"com.concerto.vegaah.test.scenarios.JoomlaTransactionTest.JoomlaTransaction"},{"name":"host","value":"CSS-D-181"},{"name":"thread","value":"11376@CSS-D-181.TestNG-tests-1(11)"}],"links":[],"name":"TC0003::Validate Login For Valid Data Sets","status":"broken","statusDetails":{"known":false,"muted":false,"flaky":false,"message":"Unable To Find On By.xpath: (.//*[normalize-space(text()) and normalize-space(.)='*'])[6]/following::select[1] on: http://10.10.10.105:8071/CORE_2.2.2/direct.htm?paymentId=2001614232008517277","trace":"com.concerto.common.exceptions.CannotFindElementOnPageException: Unable To Find On By.xpath: (.//*[normalize-space(text()) and normalize-space(.)='*'])[6]/following::select[1] on: http://10.10.10.105:8071/CORE_2.2.2/direct.htm?paymentId=2001614232008517277\r\n\tat com.concerto.common.utilities.WebInteract.selectByTextFomDropdown(WebInteract.java:135)\r\n\tat com.concerto.vegaah.test.pageutils.JoomlaTransactionPageUtils.placeOrder(JoomlaTransactionPageUtils.java:67)\r\n\tat com.concerto.vegaah.test.scenarios.JoomlaTransactionTest.JoomlaTransaction.validateCorrectLogin(JoomlaTransaction.java:51)\r\n\tat sun.reflect.NativeMethodAccessorImpl.invoke0(Native Method)\r\n\tat sun.reflect.NativeMethodAccessorImpl.invoke(Unknown Source)\r\n\tat sun.reflect.DelegatingMethodAccessorImpl.invoke(Unknown Source)\r\n\tat java.lang.reflect.Method.invoke(Unknown Source)\r\n\tat org.testng.internal.MethodInvocationHelper.invokeMethod(MethodInvocationHelper.java:124)\r\n\tat org.testng.internal.Invoker.invokeMethod(Invoker.java:583)\r\n\tat org.testng.internal.Invoker.invokeTestMethod(Invoker.java:719)\r\n\tat org.testng.internal.Invoker.invokeTestMethods(Invoker.java:989)\r\n\tat org.testng.internal.TestMethodWorker.invokeTestMethods(TestMethodWorker.java:125)\r\n\tat org.testng.internal.TestMethodWorker.run(TestMethodWorker.java:109)\r\n\tat org.testng.TestRunner.privateRun(TestRunner.java:648)\r\n\tat org.testng.TestRunner.run(TestRunner.java:505)\r\n\tat org.testng.SuiteRunner.runTest(SuiteRunner.java:455)\r\n\tat org.testng.SuiteRunner.access$000(SuiteRunner.java:40)\r\n\tat org.testng.SuiteRunner$SuiteWorker.run(SuiteRunner.java:489)\r\n\tat org.testng.internal.thread.ThreadUtil$1.call(ThreadUtil.java:52)\r\n\tat java.util.concurrent.FutureTask.run(Unknown Source)\r\n\tat java.util.concurrent.ThreadPoolExecutor.runWorker(Unknown Source)\r\n\tat java.util.concurrent.ThreadPoolExecutor$Worker.run(Unknown Source)\r\n\tat java.lang.Thread.run(Unknown Source)\r\nCaused by: org.openqa.selenium.NoSuchElementException: Cannot locate element with text: test test\nFor documentation on this error, please visit: https://www.seleniumhq.org/exceptions/no_such_element.html\nBuild info: version: '3.141.59', revision: 'e82be7d358', time: '2018-11-14T08:17:03'\nSystem info: host: 'CSS-D-181', ip: '10.0.75.1', os.name: 'Windows 10', os.arch: 'amd64', os.version: '10.0', java.version: '1.8.0_144'\nDriver info: driver.version: unknown\r\n\tat org.openqa.selenium.support.ui.Select.selectByVisibleText(Select.java:147)\r\n\tat com.concerto.common.utilities.WebInteract.selectByTextFomDropdown(WebInteract.java:125)\r\n\t... 22 more\r\n"},"stage":"finished","start":1579166620738,"stop":1579166683894,"parameters":[{"name":"RunEnv","value":"localhost"},{"name":"GRID_HUB_IP","value":"10.10.11.83"},{"name":"Port","value":"4444"},{"name":"Browser","value":"Chrome"},{"name":"arg0","value":"shoes"},{"name":"arg1","value":"NETBANK"},{"name":"arg2","value":"Axis Bank Corporate"},{"name":"arg3","value":"N/A"},{"name":"arg4","value":"N/A"},{"name":"arg5","value":"2019"},{"name":"arg6","value":"123"},{"name":"arg7","value":"test test"},{"name":"arg8","value":"mumbai"},{"name":"arg9","value":"mumbai@m.com"},{"name":"arg10","value":"mumbai"},{"name":"arg11","value":"Maharashtra"},{"name":"arg12","value":"India"},{"name":"arg13","value":"400098"}]}