{"uuid":"9077f466-7136-4f34-a58b-4ffaa421087b","historyId":"9081df81adb982d7a9d8dc77458559d7","fullName":"com.concerto.vegaah.test.scenarios.profile.AddLayoutProfile.addLayoutProfile","labels":[{"name":"package","value":"com.concerto.vegaah.test.scenarios.profile.AddLayoutProfile"},{"name":"testClass","value":"com.concerto.vegaah.test.scenarios.profile.AddLayoutProfile"},{"name":"testMethod","value":"addLayoutProfile"},{"name":"parentSuite","value":"ConcertoFrameworkDevelopment"},{"name":"suite","value":"Reader Tests"},{"name":"subSuite","value":"com.concerto.vegaah.test.scenarios.profile.AddLayoutProfile"},{"name":"host","value":"CSS-D-181"},{"name":"thread","value":"34736@CSS-D-181.TestNG-tests-1(11)"}],"links":[],"name":"TC0008_TC0010::Validate Add_&_Approve_Layout_Profile For Valid Data Sets","status":"broken","statusDetails":{"known":false,"muted":false,"flaky":false,"message":"Unable To Find On By.xpath: (//a[contains(@href, '/VegaaH/viewLayoutProfile.htm')])[2] on: http://10.10.10.101:8089/URWAYPG/dashBoardDetailsPage.htm","trace":"com.concerto.common.exceptions.CannotFindElementOnPageException: Unable To Find On By.xpath: (//a[contains(@href, '/VegaaH/viewLayoutProfile.htm')])[2] on: http://10.10.10.101:8089/URWAYPG/dashBoardDetailsPage.htm\r\n\tat com.concerto.common.utilities.WebInteract.waitForVisibility(WebInteract.java:458)\r\n\tat com.concerto.vegaah.test.pageutils.VegaahHomePageUtils.navigateToAddLayout(VegaahHomePageUtils.java:270)\r\n\tat com.concerto.vegaah.test.scenarios.profile.AddLayoutProfile.addLayoutProfile(AddLayoutProfile.java:60)\r\n\tat sun.reflect.NativeMethodAccessorImpl.invoke0(Native Method)\r\n\tat sun.reflect.NativeMethodAccessorImpl.invoke(Unknown Source)\r\n\tat sun.reflect.DelegatingMethodAccessorImpl.invoke(Unknown Source)\r\n\tat java.lang.reflect.Method.invoke(Unknown Source)\r\n\tat org.testng.internal.MethodInvocationHelper.invokeMethod(MethodInvocationHelper.java:124)\r\n\tat org.testng.internal.Invoker.invokeMethod(Invoker.java:583)\r\n\tat org.testng.internal.Invoker.invokeTestMethod(Invoker.java:719)\r\n\tat org.testng.internal.Invoker.invokeTestMethods(Invoker.java:989)\r\n\tat org.testng.internal.TestMethodWorker.invokeTestMethods(TestMethodWorker.java:125)\r\n\tat org.testng.internal.TestMethodWorker.run(TestMethodWorker.java:109)\r\n\tat org.testng.TestRunner.privateRun(TestRunner.java:648)\r\n\tat org.testng.TestRunner.run(TestRunner.java:505)\r\n\tat org.testng.SuiteRunner.runTest(SuiteRunner.java:455)\r\n\tat org.testng.SuiteRunner.access$000(SuiteRunner.java:40)\r\n\tat org.testng.SuiteRunner$SuiteWorker.run(SuiteRunner.java:489)\r\n\tat org.testng.internal.thread.ThreadUtil$1.call(ThreadUtil.java:52)\r\n\tat java.util.concurrent.FutureTask.run(Unknown Source)\r\n\tat java.util.concurrent.ThreadPoolExecutor.runWorker(Unknown Source)\r\n\tat java.util.concurrent.ThreadPoolExecutor$Worker.run(Unknown Source)\r\n\tat java.lang.Thread.run(Unknown Source)\r\nCaused by: org.openqa.selenium.NoSuchElementException: no such element: Unable to locate element: {\"method\":\"xpath\",\"selector\":\"(//a[contains(@href, '/VegaaH/viewLayoutProfile.htm')])[2]\"}\n  (Session info: chrome=84.0.4147.125)\nFor documentation on this error, please visit: https://www.seleniumhq.org/exceptions/no_such_element.html\nBuild info: version: '3.141.59', revision: 'e82be7d358', time: '2018-11-14T08:17:03'\nSystem info: host: 'CSS-D-181', ip: '10.0.75.1', os.name: 'Windows 10', os.arch: 'amd64', os.version: '10.0', java.version: '1.8.0_261'\nDriver info: org.openqa.selenium.chrome.ChromeDriver\nCapabilities {acceptInsecureCerts: true, browserName: chrome, browserVersion: 84.0.4147.125, chrome: {chromedriverVersion: 83.0.4103.39 (ccbf011cb2d2b..., userDataDir: C:\\Users\\SONAL~1.BOR\\AppDat...}, goog:chromeOptions: {debuggerAddress: localhost:53463}, javascriptEnabled: true, networkConnectionEnabled: false, pageLoadStrategy: normal, platform: WINDOWS, platformName: WINDOWS, proxy: Proxy(), setWindowRect: true, strictFileInteractability: false, timeouts: {implicit: 0, pageLoad: 300000, script: 30000}, unhandledPromptBehavior: dismiss and notify, webauthn:virtualAuthenticators: true}\nSession ID: e5de051ba5ad73c7b3d58532ecfa86af\n*** Element info: {Using=xpath, value=(//a[contains(@href, '/VegaaH/viewLayoutProfile.htm')])[2]}\r\n\tat sun.reflect.NativeConstructorAccessorImpl.newInstance0(Native Method)\r\n\tat sun.reflect.NativeConstructorAccessorImpl.newInstance(Unknown Source)\r\n\tat sun.reflect.DelegatingConstructorAccessorImpl.newInstance(Unknown Source)\r\n\tat java.lang.reflect.Constructor.newInstance(Unknown Source)\r\n\tat org.openqa.selenium.remote.http.W3CHttpResponseCodec.createException(W3CHttpResponseCodec.java:187)\r\n\tat org.openqa.selenium.remote.http.W3CHttpResponseCodec.decode(W3CHttpResponseCodec.java:122)\r\n\tat org.openqa.selenium.remote.http.W3CHttpResponseCodec.decode(W3CHttpResponseCodec.java:49)\r\n\tat org.openqa.selenium.remote.HttpCommandExecutor.execute(HttpCommandExecutor.java:158)\r\n\tat org.openqa.selenium.remote.service.DriverCommandExecutor.execute(DriverCommandExecutor.java:83)\r\n\tat org.openqa.selenium.remote.RemoteWebDriver.execute(RemoteWebDriver.java:552)\r\n\tat org.openqa.selenium.remote.RemoteWebDriver.findElement(RemoteWebDriver.java:323)\r\n\tat org.openqa.selenium.remote.RemoteWebDriver.findElementByXPath(RemoteWebDriver.java:428)\r\n\tat org.openqa.selenium.By$ByXPath.findElement(By.java:353)\r\n\tat org.openqa.selenium.remote.RemoteWebDriver.findElement(RemoteWebDriver.java:315)\r\n\tat org.openqa.selenium.support.pagefactory.DefaultElementLocator.findElement(DefaultElementLocator.java:69)\r\n\tat org.openqa.selenium.support.pagefactory.internal.LocatingElementHandler.invoke(LocatingElementHandler.java:38)\r\n\tat com.sun.proxy.$Proxy18.isDisplayed(Unknown Source)\r\n\tat org.openqa.selenium.support.ui.ExpectedConditions.elementIfVisible(ExpectedConditions.java:314)\r\n\tat org.openqa.selenium.support.ui.ExpectedConditions.access$000(ExpectedConditions.java:43)\r\n\tat org.openqa.selenium.support.ui.ExpectedConditions$10.apply(ExpectedConditions.java:300)\r\n\tat org.openqa.selenium.support.ui.ExpectedConditions$10.apply(ExpectedConditions.java:297)\r\n\tat org.openqa.selenium.support.ui.FluentWait.until(FluentWait.java:249)\r\n\tat com.concerto.common.utilities.WebInteract.waitForVisibility(WebInteract.java:448)\r\n\t... 22 more\r\n"},"stage":"finished","start":1598022398033,"stop":1598022541329,"parameters":[{"name":"RunEnv","value":"localhost"},{"name":"GRID_HUB_IP","value":"10.10.11.83"},{"name":"Port","value":"4444"},{"name":"Browser","value":"Chrome"},{"name":"arg0","value":"LT202"},{"name":"arg1","value":"Testing"},{"name":"arg2","value":"7DFF81"},{"name":"arg3","value":"7DFF81"},{"name":"arg4","value":"18"},{"name":"arg5","value":"arial black"},{"name":"arg6","value":"concerto"},{"name":"arg7","value":"20"},{"name":"arg8","value":"00"},{"name":"arg9","value":"00"},{"name":"arg10","value":"23"},{"name":"arg11","value":"59"},{"name":"arg12","value":"Sunday,Monday,Tuesday,Wednesday,Thursday,Friday,Saturday"},{"name":"arg13","value":"N/A"}]}