{"uuid":"974c23fb-0c0a-4231-ab14-b8302b462209","historyId":"5b0d746ed58cb2c0a3758616ea13123a","fullName":"com.concerto.vegaah.test.scenarios.MagentoTransactionTest.MagentoTransaction.validateCorrectLogin","labels":[{"name":"package","value":"com.concerto.vegaah.test.scenarios.MagentoTransactionTest.MagentoTransaction"},{"name":"testClass","value":"com.concerto.vegaah.test.scenarios.MagentoTransactionTest.MagentoTransaction"},{"name":"testMethod","value":"validateCorrectLogin"},{"name":"parentSuite","value":"ConcertoFrameworkDevelopment"},{"name":"suite","value":"Reader Tests"},{"name":"subSuite","value":"com.concerto.vegaah.test.scenarios.MagentoTransactionTest.MagentoTransaction"},{"name":"host","value":"CSS-D-181"},{"name":"thread","value":"32600@CSS-D-181.TestNG-tests-1(11)"}],"links":[],"name":"TC0003::Validate Login For Valid Data Sets","status":"broken","statusDetails":{"known":false,"muted":false,"flaky":false,"message":"Unable To Find HTML Locator By.id: username on: http://10.10.10.101:3000/magento/","trace":"com.concerto.common.exceptions.CannotFindElementOnPageException: Unable To Find HTML Locator By.id: username on: http://10.10.10.101:3000/magento/\r\n\tat com.concerto.common.utilities.Selenium.clear(Selenium.java:97)\r\n\tat com.concerto.vegaah.test.pageutils.JoomlaLoginPageUtils.validate_login(JoomlaLoginPageUtils.java:33)\r\n\tat com.concerto.vegaah.test.scenarios.MagentoTransactionTest.MagentoTransaction.validateCorrectLogin(MagentoTransaction.java:44)\r\n\tat sun.reflect.NativeMethodAccessorImpl.invoke0(Native Method)\r\n\tat sun.reflect.NativeMethodAccessorImpl.invoke(Unknown Source)\r\n\tat sun.reflect.DelegatingMethodAccessorImpl.invoke(Unknown Source)\r\n\tat java.lang.reflect.Method.invoke(Unknown Source)\r\n\tat org.testng.internal.MethodInvocationHelper.invokeMethod(MethodInvocationHelper.java:124)\r\n\tat org.testng.internal.Invoker.invokeMethod(Invoker.java:583)\r\n\tat org.testng.internal.Invoker.invokeTestMethod(Invoker.java:719)\r\n\tat org.testng.internal.Invoker.invokeTestMethods(Invoker.java:989)\r\n\tat org.testng.internal.TestMethodWorker.invokeTestMethods(TestMethodWorker.java:125)\r\n\tat org.testng.internal.TestMethodWorker.run(TestMethodWorker.java:109)\r\n\tat org.testng.TestRunner.privateRun(TestRunner.java:648)\r\n\tat org.testng.TestRunner.run(TestRunner.java:505)\r\n\tat org.testng.SuiteRunner.runTest(SuiteRunner.java:455)\r\n\tat org.testng.SuiteRunner.access$000(SuiteRunner.java:40)\r\n\tat org.testng.SuiteRunner$SuiteWorker.run(SuiteRunner.java:489)\r\n\tat org.testng.internal.thread.ThreadUtil$1.call(ThreadUtil.java:52)\r\n\tat java.util.concurrent.FutureTask.run(Unknown Source)\r\n\tat java.util.concurrent.ThreadPoolExecutor.runWorker(Unknown Source)\r\n\tat java.util.concurrent.ThreadPoolExecutor$Worker.run(Unknown Source)\r\n\tat java.lang.Thread.run(Unknown Source)\r\nCaused by: org.openqa.selenium.NoSuchElementException: no such element: Unable to locate element: {\"method\":\"css selector\",\"selector\":\"#username\"}\n  (Session info: chrome=79.0.3945.117)\nFor documentation on this error, please visit: https://www.seleniumhq.org/exceptions/no_such_element.html\nBuild info: version: '3.141.59', revision: 'e82be7d358', time: '2018-11-14T08:17:03'\nSystem info: host: 'CSS-D-181', ip: '10.0.75.1', os.name: 'Windows 10', os.arch: 'amd64', os.version: '10.0', java.version: '1.8.0_144'\nDriver info: org.openqa.selenium.chrome.ChromeDriver\nCapabilities {acceptInsecureCerts: true, browserName: chrome, browserVersion: 79.0.3945.117, chrome: {chromedriverVersion: 78.0.3904.105 (60e2d8774a81..., userDataDir: C:\\Users\\SONAL~1.BOR\\AppDat...}, goog:chromeOptions: {debuggerAddress: localhost:54925}, javascriptEnabled: true, networkConnectionEnabled: false, pageLoadStrategy: normal, platform: XP, platformName: XP, proxy: Proxy(), setWindowRect: true, strictFileInteractability: false, timeouts: {implicit: 0, pageLoad: 300000, script: 30000}, unhandledPromptBehavior: dismiss and notify}\nSession ID: 30d7ebc7b841e8e7f233bd16354ec317\n*** Element info: {Using=id, value=username}\r\n\tat sun.reflect.NativeConstructorAccessorImpl.newInstance0(Native Method)\r\n\tat sun.reflect.NativeConstructorAccessorImpl.newInstance(Unknown Source)\r\n\tat sun.reflect.DelegatingConstructorAccessorImpl.newInstance(Unknown Source)\r\n\tat java.lang.reflect.Constructor.newInstance(Unknown Source)\r\n\tat org.openqa.selenium.remote.http.W3CHttpResponseCodec.createException(W3CHttpResponseCodec.java:187)\r\n\tat org.openqa.selenium.remote.http.W3CHttpResponseCodec.decode(W3CHttpResponseCodec.java:122)\r\n\tat org.openqa.selenium.remote.http.W3CHttpResponseCodec.decode(W3CHttpResponseCodec.java:49)\r\n\tat org.openqa.selenium.remote.HttpCommandExecutor.execute(HttpCommandExecutor.java:158)\r\n\tat org.openqa.selenium.remote.service.DriverCommandExecutor.execute(DriverCommandExecutor.java:83)\r\n\tat org.openqa.selenium.remote.RemoteWebDriver.execute(RemoteWebDriver.java:552)\r\n\tat org.openqa.selenium.remote.RemoteWebDriver.findElement(RemoteWebDriver.java:323)\r\n\tat org.openqa.selenium.remote.RemoteWebDriver.findElementById(RemoteWebDriver.java:372)\r\n\tat org.openqa.selenium.By$ById.findElement(By.java:188)\r\n\tat org.openqa.selenium.remote.RemoteWebDriver.findElement(RemoteWebDriver.java:315)\r\n\tat org.openqa.selenium.support.pagefactory.DefaultElementLocator.findElement(DefaultElementLocator.java:69)\r\n\tat org.openqa.selenium.support.pagefactory.internal.LocatingElementHandler.invoke(LocatingElementHandler.java:38)\r\n\tat com.sun.proxy.$Proxy17.clear(Unknown Source)\r\n\tat com.concerto.common.utilities.Selenium.clear(Selenium.java:87)\r\n\t... 22 more\r\n"},"stage":"finished","start":1579174373378,"stop":1579174417462,"parameters":[{"name":"RunEnv","value":"localhost"},{"name":"GRID_HUB_IP","value":"10.10.11.83"},{"name":"Port","value":"4444"},{"name":"Browser","value":"Chrome"}]}