{"uuid":"a836ce3f-34bc-4a54-ae12-587b16e318bd","historyId":"17d1d61b9653626e14d38b8b7487e76c","fullName":"com.concerto.vegaah.test.scenarios.JoomlaTransactionTest.JoomlaTransaction.validateCorrectLogin","labels":[{"name":"package","value":"com.concerto.vegaah.test.scenarios.JoomlaTransactionTest.JoomlaTransaction"},{"name":"testClass","value":"com.concerto.vegaah.test.scenarios.JoomlaTransactionTest.JoomlaTransaction"},{"name":"testMethod","value":"validateCorrectLogin"},{"name":"parentSuite","value":"ConcertoFrameworkDevelopment"},{"name":"suite","value":"Reader Tests"},{"name":"subSuite","value":"com.concerto.vegaah.test.scenarios.JoomlaTransactionTest.JoomlaTransaction"},{"name":"host","value":"CSS-D-181"},{"name":"thread","value":"36272@CSS-D-181.TestNG-tests-1(11)"}],"links":[],"name":"TC0003::Validate Login For Valid Data Sets","status":"broken","statusDetails":{"known":false,"muted":false,"flaky":false,"message":"Unable To Find On By.id: button-shipping-address on: http://10.10.10.101:3000/Joomla/index.php/component/j2store/checkout","trace":"com.concerto.common.exceptions.CannotFindElementOnPageException: Unable To Find On By.id: button-shipping-address on: http://10.10.10.101:3000/Joomla/index.php/component/j2store/checkout\r\n\tat com.concerto.common.utilities.WebInteract.waitForVisibility(WebInteract.java:457)\r\n\tat com.concerto.vegaah.test.pageutils.JoomlaTransactionPageUtils.placeOrder(JoomlaTransactionPageUtils.java:45)\r\n\tat com.concerto.vegaah.test.scenarios.JoomlaTransactionTest.JoomlaTransaction.validateCorrectLogin(JoomlaTransaction.java:51)\r\n\tat sun.reflect.NativeMethodAccessorImpl.invoke0(Native Method)\r\n\tat sun.reflect.NativeMethodAccessorImpl.invoke(Unknown Source)\r\n\tat sun.reflect.DelegatingMethodAccessorImpl.invoke(Unknown Source)\r\n\tat java.lang.reflect.Method.invoke(Unknown Source)\r\n\tat org.testng.internal.MethodInvocationHelper.invokeMethod(MethodInvocationHelper.java:124)\r\n\tat org.testng.internal.Invoker.invokeMethod(Invoker.java:583)\r\n\tat org.testng.internal.Invoker.invokeTestMethod(Invoker.java:719)\r\n\tat org.testng.internal.Invoker.invokeTestMethods(Invoker.java:989)\r\n\tat org.testng.internal.TestMethodWorker.invokeTestMethods(TestMethodWorker.java:125)\r\n\tat org.testng.internal.TestMethodWorker.run(TestMethodWorker.java:109)\r\n\tat org.testng.TestRunner.privateRun(TestRunner.java:648)\r\n\tat org.testng.TestRunner.run(TestRunner.java:505)\r\n\tat org.testng.SuiteRunner.runTest(SuiteRunner.java:455)\r\n\tat org.testng.SuiteRunner.access$000(SuiteRunner.java:40)\r\n\tat org.testng.SuiteRunner$SuiteWorker.run(SuiteRunner.java:489)\r\n\tat org.testng.internal.thread.ThreadUtil$1.call(ThreadUtil.java:52)\r\n\tat java.util.concurrent.FutureTask.run(Unknown Source)\r\n\tat java.util.concurrent.ThreadPoolExecutor.runWorker(Unknown Source)\r\n\tat java.util.concurrent.ThreadPoolExecutor$Worker.run(Unknown Source)\r\n\tat java.lang.Thread.run(Unknown Source)\r\nCaused by: org.openqa.selenium.NoSuchElementException: no such element: Unable to locate element: {\"method\":\"css selector\",\"selector\":\"#button\\-shipping\\-address\"}\n  (Session info: chrome=79.0.3945.117)\nFor documentation on this error, please visit: https://www.seleniumhq.org/exceptions/no_such_element.html\nBuild info: version: '3.141.59', revision: 'e82be7d358', time: '2018-11-14T08:17:03'\nSystem info: host: 'CSS-D-181', ip: '10.0.75.1', os.name: 'Windows 10', os.arch: 'amd64', os.version: '10.0', java.version: '1.8.0_144'\nDriver info: org.openqa.selenium.chrome.ChromeDriver\nCapabilities {acceptInsecureCerts: true, browserName: chrome, browserVersion: 79.0.3945.117, chrome: {chromedriverVersion: 78.0.3904.105 (60e2d8774a81..., userDataDir: C:\\Users\\SONAL~1.BOR\\AppDat...}, goog:chromeOptions: {debuggerAddress: localhost:58670}, javascriptEnabled: true, networkConnectionEnabled: false, pageLoadStrategy: normal, platform: XP, platformName: XP, proxy: Proxy(), setWindowRect: true, strictFileInteractability: false, timeouts: {implicit: 0, pageLoad: 300000, script: 30000}, unhandledPromptBehavior: dismiss and notify}\nSession ID: fa15099a1a1c2a1f19c187cc323873a0\n*** Element info: {Using=id, value=button-shipping-address}\r\n\tat sun.reflect.NativeConstructorAccessorImpl.newInstance0(Native Method)\r\n\tat sun.reflect.NativeConstructorAccessorImpl.newInstance(Unknown Source)\r\n\tat sun.reflect.DelegatingConstructorAccessorImpl.newInstance(Unknown Source)\r\n\tat java.lang.reflect.Constructor.newInstance(Unknown Source)\r\n\tat org.openqa.selenium.remote.http.W3CHttpResponseCodec.createException(W3CHttpResponseCodec.java:187)\r\n\tat org.openqa.selenium.remote.http.W3CHttpResponseCodec.decode(W3CHttpResponseCodec.java:122)\r\n\tat org.openqa.selenium.remote.http.W3CHttpResponseCodec.decode(W3CHttpResponseCodec.java:49)\r\n\tat org.openqa.selenium.remote.HttpCommandExecutor.execute(HttpCommandExecutor.java:158)\r\n\tat org.openqa.selenium.remote.service.DriverCommandExecutor.execute(DriverCommandExecutor.java:83)\r\n\tat org.openqa.selenium.remote.RemoteWebDriver.execute(RemoteWebDriver.java:552)\r\n\tat org.openqa.selenium.remote.RemoteWebDriver.findElement(RemoteWebDriver.java:323)\r\n\tat org.openqa.selenium.remote.RemoteWebDriver.findElementById(RemoteWebDriver.java:372)\r\n\tat org.openqa.selenium.By$ById.findElement(By.java:188)\r\n\tat org.openqa.selenium.remote.RemoteWebDriver.findElement(RemoteWebDriver.java:315)\r\n\tat org.openqa.selenium.support.pagefactory.DefaultElementLocator.findElement(DefaultElementLocator.java:69)\r\n\tat org.openqa.selenium.support.pagefactory.internal.LocatingElementHandler.invoke(LocatingElementHandler.java:38)\r\n\tat com.sun.proxy.$Proxy18.isDisplayed(Unknown Source)\r\n\tat org.openqa.selenium.support.ui.ExpectedConditions.elementIfVisible(ExpectedConditions.java:314)\r\n\tat org.openqa.selenium.support.ui.ExpectedConditions.access$000(ExpectedConditions.java:43)\r\n\tat org.openqa.selenium.support.ui.ExpectedConditions$10.apply(ExpectedConditions.java:300)\r\n\tat org.openqa.selenium.support.ui.ExpectedConditions$10.apply(ExpectedConditions.java:297)\r\n\tat org.openqa.selenium.support.ui.FluentWait.until(FluentWait.java:249)\r\n\tat com.concerto.common.utilities.WebInteract.waitForVisibility(WebInteract.java:447)\r\n\t... 22 more\r\n"},"stage":"finished","start":1579167495132,"stop":1579167542502,"parameters":[{"name":"RunEnv","value":"localhost"},{"name":"GRID_HUB_IP","value":"10.10.11.83"},{"name":"Port","value":"4444"},{"name":"Browser","value":"Chrome"},{"name":"arg0","value":"shoes"},{"name":"arg1","value":"NETBANK"},{"name":"arg2","value":"Axis Bank Corporate"},{"name":"arg3","value":"N/A"},{"name":"arg4","value":"N/A"},{"name":"arg5","value":"2019"},{"name":"arg6","value":"123"},{"name":"arg7","value":"test test"},{"name":"arg8","value":"mumbai"},{"name":"arg9","value":"mumbai@m.com"},{"name":"arg10","value":"mumbai"},{"name":"arg11","value":"Maharashtra"},{"name":"arg12","value":"India"},{"name":"arg13","value":"400098"},{"name":"arg14","value":"Success"}]}