{"uuid":"cb5c17b3-0c5b-4dc4-8633-8ed7b85c1d5c","historyId":"beed8e6780676c8f4fe944e26430d6b7","fullName":"com.concerto.vegaah.test.scenarios.administartor.AddAndApproveUser.validateCorrectLogin","labels":[{"name":"package","value":"com.concerto.vegaah.test.scenarios.administartor.AddAndApproveUser"},{"name":"testClass","value":"com.concerto.vegaah.test.scenarios.administartor.AddAndApproveUser"},{"name":"testMethod","value":"validateCorrectLogin"},{"name":"parentSuite","value":"ConcertoFrameworkDevelopment"},{"name":"suite","value":"Reader Tests"},{"name":"subSuite","value":"com.concerto.vegaah.test.scenarios.administartor.AddAndApproveUser"},{"name":"host","value":"CSS-D-181"},{"name":"thread","value":"22808@CSS-D-181.TestNG-tests-1(11)"}],"links":[],"name":"TC0070_TC0072::Validate Add_&_Approve_User For Valid Data Sets","status":"broken","statusDetails":{"known":false,"muted":false,"flaky":false,"message":"Unable To Find On By.xpath: accessTypeInstitution on: http://10.10.10.101:8089/URWAYPG/addUserInfoPage.htm","trace":"com.concerto.common.exceptions.CannotFindElementOnPageException: Unable To Find On By.xpath: accessTypeInstitution on: http://10.10.10.101:8089/URWAYPG/addUserInfoPage.htm\r\n\tat com.concerto.common.utilities.WebInteract.waitForVisibility(WebInteract.java:458)\r\n\tat com.concerto.vegaah.test.pageutils.AddUserPageUtils.AddUser(AddUserPageUtils.java:39)\r\n\tat com.concerto.vegaah.test.scenarios.administartor.AddAndApproveUser.validateCorrectLogin(AddAndApproveUser.java:59)\r\n\tat sun.reflect.NativeMethodAccessorImpl.invoke0(Native Method)\r\n\tat sun.reflect.NativeMethodAccessorImpl.invoke(Unknown Source)\r\n\tat sun.reflect.DelegatingMethodAccessorImpl.invoke(Unknown Source)\r\n\tat java.lang.reflect.Method.invoke(Unknown Source)\r\n\tat org.testng.internal.MethodInvocationHelper.invokeMethod(MethodInvocationHelper.java:124)\r\n\tat org.testng.internal.Invoker.invokeMethod(Invoker.java:583)\r\n\tat org.testng.internal.Invoker.invokeTestMethod(Invoker.java:719)\r\n\tat org.testng.internal.Invoker.invokeTestMethods(Invoker.java:989)\r\n\tat org.testng.internal.TestMethodWorker.invokeTestMethods(TestMethodWorker.java:125)\r\n\tat org.testng.internal.TestMethodWorker.run(TestMethodWorker.java:109)\r\n\tat org.testng.TestRunner.privateRun(TestRunner.java:648)\r\n\tat org.testng.TestRunner.run(TestRunner.java:505)\r\n\tat org.testng.SuiteRunner.runTest(SuiteRunner.java:455)\r\n\tat org.testng.SuiteRunner.access$000(SuiteRunner.java:40)\r\n\tat org.testng.SuiteRunner$SuiteWorker.run(SuiteRunner.java:489)\r\n\tat org.testng.internal.thread.ThreadUtil$1.call(ThreadUtil.java:52)\r\n\tat java.util.concurrent.FutureTask.run(Unknown Source)\r\n\tat java.util.concurrent.ThreadPoolExecutor.runWorker(Unknown Source)\r\n\tat java.util.concurrent.ThreadPoolExecutor$Worker.run(Unknown Source)\r\n\tat java.lang.Thread.run(Unknown Source)\r\nCaused by: org.openqa.selenium.NoSuchElementException: no such element: Unable to locate element: {\"method\":\"xpath\",\"selector\":\"accessTypeInstitution\"}\n  (Session info: chrome=84.0.4147.125)\nFor documentation on this error, please visit: https://www.seleniumhq.org/exceptions/no_such_element.html\nBuild info: version: '3.141.59', revision: 'e82be7d358', time: '2018-11-14T08:17:03'\nSystem info: host: 'CSS-D-181', ip: '10.0.75.1', os.name: 'Windows 10', os.arch: 'amd64', os.version: '10.0', java.version: '1.8.0_261'\nDriver info: org.openqa.selenium.chrome.ChromeDriver\nCapabilities {acceptInsecureCerts: true, browserName: chrome, browserVersion: 84.0.4147.125, chrome: {chromedriverVersion: 83.0.4103.39 (ccbf011cb2d2b..., userDataDir: C:\\Users\\SONAL~1.BOR\\AppDat...}, goog:chromeOptions: {debuggerAddress: localhost:50033}, javascriptEnabled: true, networkConnectionEnabled: false, pageLoadStrategy: normal, platform: WINDOWS, platformName: WINDOWS, proxy: Proxy(), setWindowRect: true, strictFileInteractability: false, timeouts: {implicit: 0, pageLoad: 300000, script: 30000}, unhandledPromptBehavior: dismiss and notify, webauthn:virtualAuthenticators: true}\nSession ID: 7ffa75d47650c3b807eb3df2186ef09b\n*** Element info: {Using=xpath, value=accessTypeInstitution}\r\n\tat sun.reflect.NativeConstructorAccessorImpl.newInstance0(Native Method)\r\n\tat sun.reflect.NativeConstructorAccessorImpl.newInstance(Unknown Source)\r\n\tat sun.reflect.DelegatingConstructorAccessorImpl.newInstance(Unknown Source)\r\n\tat java.lang.reflect.Constructor.newInstance(Unknown Source)\r\n\tat org.openqa.selenium.remote.http.W3CHttpResponseCodec.createException(W3CHttpResponseCodec.java:187)\r\n\tat org.openqa.selenium.remote.http.W3CHttpResponseCodec.decode(W3CHttpResponseCodec.java:122)\r\n\tat org.openqa.selenium.remote.http.W3CHttpResponseCodec.decode(W3CHttpResponseCodec.java:49)\r\n\tat org.openqa.selenium.remote.HttpCommandExecutor.execute(HttpCommandExecutor.java:158)\r\n\tat org.openqa.selenium.remote.service.DriverCommandExecutor.execute(DriverCommandExecutor.java:83)\r\n\tat org.openqa.selenium.remote.RemoteWebDriver.execute(RemoteWebDriver.java:552)\r\n\tat org.openqa.selenium.remote.RemoteWebDriver.findElement(RemoteWebDriver.java:323)\r\n\tat org.openqa.selenium.remote.RemoteWebDriver.findElementByXPath(RemoteWebDriver.java:428)\r\n\tat org.openqa.selenium.By$ByXPath.findElement(By.java:353)\r\n\tat org.openqa.selenium.remote.RemoteWebDriver.findElement(RemoteWebDriver.java:315)\r\n\tat org.openqa.selenium.support.pagefactory.DefaultElementLocator.findElement(DefaultElementLocator.java:69)\r\n\tat org.openqa.selenium.support.pagefactory.internal.LocatingElementHandler.invoke(LocatingElementHandler.java:38)\r\n\tat com.sun.proxy.$Proxy18.isDisplayed(Unknown Source)\r\n\tat org.openqa.selenium.support.ui.ExpectedConditions.elementIfVisible(ExpectedConditions.java:314)\r\n\tat org.openqa.selenium.support.ui.ExpectedConditions.access$000(ExpectedConditions.java:43)\r\n\tat org.openqa.selenium.support.ui.ExpectedConditions$10.apply(ExpectedConditions.java:300)\r\n\tat org.openqa.selenium.support.ui.ExpectedConditions$10.apply(ExpectedConditions.java:297)\r\n\tat org.openqa.selenium.support.ui.FluentWait.until(FluentWait.java:249)\r\n\tat com.concerto.common.utilities.WebInteract.waitForVisibility(WebInteract.java:448)\r\n\t... 22 more\r\n"},"stage":"finished","start":1597766161413,"stop":1597766277212,"parameters":[{"name":"RunEnv","value":"localhost"},{"name":"GRID_HUB_IP","value":"10.10.11.83"},{"name":"Port","value":"4444"},{"name":"Browser","value":"Chrome"},{"name":"arg0","value":"TestUser"},{"name":"arg1","value":"sonal"},{"name":"arg2","value":"borge"},{"name":"arg3","value":"sonal.borge@concertosoft.com.com"},{"name":"arg4","value":"PG Admin"},{"name":"arg5","value":"ACTIVE"},{"name":"arg6","value":"ALL"},{"name":"arg7","value":"N/A"},{"name":"arg8","value":"N/A"},{"name":"arg9","value":"N/A"},{"name":"arg10","value":"N/A"},{"name":"arg11","value":"N/A"},{"name":"arg12","value":"PGAdmin"},{"name":"arg13","value":"N/A"},{"name":"arg14","value":"N/A"},{"name":"arg15","value":"N/A"},{"name":"arg16","value":"N/A"},{"name":"arg17","value":"All"},{"name":"arg18","value":"Rejected"}]}