<?xml version="1.0" encoding="UTF-8"?>
<!-- Generated by org.testng.reporters.JUnitXMLReporter -->
<testsuite hostname="CSS-D-196" ignored="0" name="Default test" tests="1" failures="0" timestamp="28 Aug 2020 16:19:45 GMT" time="0.382" errors="0">
  <testcase name="@BeforeClass InitiateClassAPI" time="0.0" classname="com.concerto.common.BaseClass">
    <failure type="org.testng.TestNGException" message="
Parameter &amp;apos;Browser&amp;apos; is required by BeforeClass on method InitiateClassAPI but has not been marked @Optional or defined
in C:\Users\abhijit.bhattacharya.CONCERTO\AppData\Local\Temp\testng-eclipse--200034056\testng-customsuite.xml">
      <![CDATA[org.testng.TestNGException: 
Parameter 'Browser' is required by BeforeClass on method InitiateClassAPI but has not been marked @Optional or defined
in C:\Users\abhijit.bhattacharya.CONCERTO\AppData\Local\Temp\testng-eclipse--200034056\testng-customsuite.xml
at org.testng.internal.Parameters.createParams(Parameters.java:290)
at org.testng.internal.Parameters.createParametersForMethod(Parameters.java:359)
at org.testng.internal.Parameters.createParameters(Parameters.java:620)
at org.testng.internal.Parameters.createConfigurationParameters(Parameters.java:190)
at org.testng.internal.Invoker.invokeConfigurations(Invoker.java:209)
at org.testng.internal.Invoker.invokeConfigurations(Invoker.java:142)
at org.testng.internal.TestMethodWorker.invokeBeforeClassMethods(TestMethodWorker.java:168)
at org.testng.internal.TestMethodWorker.run(TestMethodWorker.java:105)
at org.testng.TestRunner.privateRun(TestRunner.java:648)
at org.testng.TestRunner.run(TestRunner.java:505)
at org.testng.SuiteRunner.runTest(SuiteRunner.java:455)
at org.testng.SuiteRunner.runSequentially(SuiteRunner.java:450)
at org.testng.SuiteRunner.privateRun(SuiteRunner.java:415)
at org.testng.SuiteRunner.run(SuiteRunner.java:364)
at org.testng.SuiteRunnerWorker.runSuite(SuiteRunnerWorker.java:52)
at org.testng.SuiteRunnerWorker.run(SuiteRunnerWorker.java:84)
at org.testng.TestNG.runSuitesSequentially(TestNG.java:1208)
at org.testng.TestNG.runSuitesLocally(TestNG.java:1137)
at org.testng.TestNG.runSuites(TestNG.java:1049)
at org.testng.TestNG.run(TestNG.java:1017)
at org.testng.remote.AbstractRemoteTestNG.run(AbstractRemoteTestNG.java:115)
at org.testng.remote.RemoteTestNG.initAndRun(RemoteTestNG.java:251)
at org.testng.remote.RemoteTestNG.main(RemoteTestNG.java:77)
]]>
    </failure>
  </testcase> <!-- @BeforeClass InitiateClassAPI -->
  <testcase name="@BeforeClass InitiateClassDB" time="0.0" classname="com.concerto.common.BaseClass">
    <skipped/>
  </testcase> <!-- @BeforeClass InitiateClassDB -->
  <testcase name="@BeforeClass InitiateClassUI" time="0.0" classname="com.concerto.common.BaseClass">
    <skipped/>
  </testcase> <!-- @BeforeClass InitiateClassUI -->
  <testcase name="@AfterMethod TeardownTest" time="0.0" classname="com.concerto.common.BaseClass">
    <failure type="org.testng.TestNGException" message="
Parameter &amp;apos;Browser&amp;apos; is required by AfterMethod on method TeardownTest but has not been marked @Optional or defined
in C:\Users\abhijit.bhattacharya.CONCERTO\AppData\Local\Temp\testng-eclipse--200034056\testng-customsuite.xml">
      <![CDATA[org.testng.TestNGException: 
Parameter 'Browser' is required by AfterMethod on method TeardownTest but has not been marked @Optional or defined
in C:\Users\abhijit.bhattacharya.CONCERTO\AppData\Local\Temp\testng-eclipse--200034056\testng-customsuite.xml
at org.testng.internal.Parameters.createParams(Parameters.java:290)
at org.testng.internal.Parameters.createParametersForMethod(Parameters.java:359)
at org.testng.internal.Parameters.createParameters(Parameters.java:620)
at org.testng.internal.Parameters.createConfigurationParameters(Parameters.java:190)
at org.testng.internal.Invoker.invokeConfigurations(Invoker.java:209)
at org.testng.internal.Invoker.invokeMethod(Invoker.java:536)
at org.testng.internal.Invoker.invokeTestMethod(Invoker.java:719)
at org.testng.internal.Invoker.invokeTestMethods(Invoker.java:989)
at org.testng.internal.TestMethodWorker.invokeTestMethods(TestMethodWorker.java:125)
at org.testng.internal.TestMethodWorker.run(TestMethodWorker.java:109)
at org.testng.TestRunner.privateRun(TestRunner.java:648)
at org.testng.TestRunner.run(TestRunner.java:505)
at org.testng.SuiteRunner.runTest(SuiteRunner.java:455)
at org.testng.SuiteRunner.runSequentially(SuiteRunner.java:450)
at org.testng.SuiteRunner.privateRun(SuiteRunner.java:415)
at org.testng.SuiteRunner.run(SuiteRunner.java:364)
at org.testng.SuiteRunnerWorker.runSuite(SuiteRunnerWorker.java:52)
at org.testng.SuiteRunnerWorker.run(SuiteRunnerWorker.java:84)
at org.testng.TestNG.runSuitesSequentially(TestNG.java:1208)
at org.testng.TestNG.runSuitesLocally(TestNG.java:1137)
at org.testng.TestNG.runSuites(TestNG.java:1049)
at org.testng.TestNG.run(TestNG.java:1017)
at org.testng.remote.AbstractRemoteTestNG.run(AbstractRemoteTestNG.java:115)
at org.testng.remote.RemoteTestNG.initAndRun(RemoteTestNG.java:251)
at org.testng.remote.RemoteTestNG.main(RemoteTestNG.java:77)
]]>
    </failure>
  </testcase> <!-- @AfterMethod TeardownTest -->
  <testcase name="@AfterClass TeardownClassAPI" time="0.0" classname="com.concerto.common.BaseClass">
    <skipped/>
  </testcase> <!-- @AfterClass TeardownClassAPI -->
  <testcase name="@AfterClass TeardownClassDB" time="0.0" classname="com.concerto.common.BaseClass">
    <skipped/>
  </testcase> <!-- @AfterClass TeardownClassDB -->
  <testcase name="@AfterClass TeardownClassUI" time="0.0" classname="com.concerto.common.BaseClass">
    <skipped/>
  </testcase> <!-- @AfterClass TeardownClassUI -->
  <testcase name="validateCorrectLogin" time="0.0" classname="com.concerto.cams.test.scenarios.login.ValidLogin">
    <skipped/>
  </testcase> <!-- validateCorrectLogin -->
</testsuite> <!-- Default test -->
